<?xml version="1.0" encoding="UTF-8"?>
<testng-results skipped="0" failed="0" total="1" passed="1">
  <reporter-output>
  </reporter-output>
  <suite name="Default suite" duration-ms="71627" started-at="2016-11-15T11:41:37Z" finished-at="2016-11-15T11:42:49Z">
    <groups>
      <group name="CloseInventory">
        <method signature="CloseInventory.INV_CI_001_Close_Inventory_All_Items_Assigned_Default_Loc_Default_Cat(com.uom.excelSheetObject.CloseInventoryObject)[pri:0, instance:com.uom.tests.CloseInventory@5f150435]" name="INV_CI_001_Close_Inventory_All_Items_Assigned_Default_Loc_Default_Cat" class="com.uom.tests.CloseInventory"/>
      </group> <!-- CloseInventory -->
      <group name="CloseInventoryIOS1">
        <method signature="CloseInventory.INV_CI_001_Close_Inventory_All_Items_Assigned_Default_Loc_Default_Cat(com.uom.excelSheetObject.CloseInventoryObject)[pri:0, instance:com.uom.tests.CloseInventory@5f150435]" name="INV_CI_001_Close_Inventory_All_Items_Assigned_Default_Loc_Default_Cat" class="com.uom.tests.CloseInventory"/>
      </group> <!-- CloseInventoryIOS1 -->
    </groups>
    <test name="Default test" duration-ms="71627" started-at="2016-11-15T11:41:37Z" finished-at="2016-11-15T11:42:49Z">
      <class name="com.uom.tests.CloseInventory">
        <test-method status="PASS" signature="getData()[pri:0, instance:com.uom.tests.CloseInventory@5f150435]" name="getData" is-config="true" duration-ms="224" started-at="2016-11-15T17:11:37Z" finished-at="2016-11-15T17:11:37Z">
          <reporter-output>
          </reporter-output>
        </test-method> <!-- getData -->
        <test-method status="PASS" signature="initiate()[pri:0, instance:com.uom.tests.CloseInventory@5f150435]" name="initiate" is-config="true" duration-ms="7655" started-at="2016-11-15T17:11:37Z" finished-at="2016-11-15T17:11:45Z">
          <reporter-output>
          </reporter-output>
        </test-method> <!-- initiate -->
        <test-method status="PASS" signature="INV_CI_001_Close_Inventory_All_Items_Assigned_Default_Loc_Default_Cat(com.uom.excelSheetObject.CloseInventoryObject)[pri:0, instance:com.uom.tests.CloseInventory@5f150435]" name="INV_CI_001_Close_Inventory_All_Items_Assigned_Default_Loc_Default_Cat" duration-ms="63728" started-at="2016-11-15T17:11:45Z" description="Validate the Close Inventory if all the items in an inventory are  assigned to Location and Category for Default location and default category" data-provider="DP1" finished-at="2016-11-15T17:12:49Z">
          <params>
            <param index="0">
              <value>
                <![CDATA[com.uom.excelSheetObject.CloseInventoryObject@70ec702c]]>
              </value>
            </param>
          </params>
          <reporter-output>
          </reporter-output>
        </test-method> <!-- INV_CI_001_Close_Inventory_All_Items_Assigned_Default_Loc_Default_Cat -->
        <test-method status="PASS" signature="clean()[pri:0, instance:com.uom.tests.CloseInventory@5f150435]" name="clean" is-config="true" duration-ms="0" started-at="2016-11-15T17:12:49Z" finished-at="2016-11-15T17:12:49Z">
          <reporter-output>
          </reporter-output>
        </test-method> <!-- clean -->
      </class> <!-- com.uom.tests.CloseInventory -->
    </test> <!-- Default test -->
  </suite> <!-- Default suite -->
</testng-results>
